<?xml version="1.0" encoding="UTF-8"?>
<testng-results skipped="0" failed="1" total="1" passed="0">
  <reporter-output>
  </reporter-output>
  <suite name="Default suite" duration-ms="90" started-at="2015-12-16T04:49:51Z" finished-at="2015-12-16T04:49:51Z">
    <groups>
    </groups>
    <test name="Default test" duration-ms="90" started-at="2015-12-16T04:49:51Z" finished-at="2015-12-16T04:49:51Z">
      <class name="com.madmusic4001.eqdblient.EQDBClientTest">
        <test-method status="FAIL" signature="testGetZone()[pri:0, instance:com.madmusic4001.eqdblient.EQDBClientTest@3ecf72fd]" name="testGetZone" duration-ms="77" started-at="2015-12-15T22:49:51Z" finished-at="2015-12-15T22:49:51Z">
          <exception class="javax.persistence.PersistenceException">
            <message>
              <![CDATA[No Persistence provider for EntityManager named EQDBPU]]>
            </message>
            <full-stacktrace>
              <![CDATA[javax.persistence.PersistenceException: No Persistence provider for EntityManager named EQDBPU
	at javax.persistence.Persistence.createEntityManagerFactory(Persistence.java:84)
	at javax.persistence.Persistence.createEntityManagerFactory(Persistence.java:54)
	at com.madmusic4001.eqdbclient.EQDBClient.<init>(EQDBClient.java:24)
	at com.madmusic4001.eqdblient.EQDBClientTest.testGetZone(EQDBClientTest.java:15)
	at sun.reflect.NativeMethodAccessorImpl.invoke0(Native Method)
	at sun.reflect.NativeMethodAccessorImpl.invoke(NativeMethodAccessorImpl.java:62)
	at sun.reflect.DelegatingMethodAccessorImpl.invoke(DelegatingMethodAccessorImpl.java:43)
	at java.lang.reflect.Method.invoke(Method.java:483)
	at org.testng.internal.MethodInvocationHelper.invokeMethod(MethodInvocationHelper.java:85)
	at org.testng.internal.Invoker.invokeMethod(Invoker.java:659)
	at org.testng.internal.Invoker.invokeTestMethod(Invoker.java:845)
	at org.testng.internal.Invoker.invokeTestMethods(Invoker.java:1153)
	at org.testng.internal.TestMethodWorker.invokeTestMethods(TestMethodWorker.java:125)
	at org.testng.internal.TestMethodWorker.run(TestMethodWorker.java:108)
	at org.testng.TestRunner.privateRun(TestRunner.java:771)
	at org.testng.TestRunner.run(TestRunner.java:621)
	at org.testng.SuiteRunner.runTest(SuiteRunner.java:357)
	at org.testng.SuiteRunner.runSequentially(SuiteRunner.java:352)
	at org.testng.SuiteRunner.privateRun(SuiteRunner.java:310)
	at org.testng.SuiteRunner.run(SuiteRunner.java:259)
	at org.testng.SuiteRunnerWorker.runSuite(SuiteRunnerWorker.java:52)
	at org.testng.SuiteRunnerWorker.run(SuiteRunnerWorker.java:86)
	at org.testng.TestNG.runSuitesSequentially(TestNG.java:1199)
	at org.testng.TestNG.runSuitesLocally(TestNG.java:1124)
	at org.testng.TestNG.run(TestNG.java:1032)
	at org.testng.remote.RemoteTestNG.run(RemoteTestNG.java:111)
	at org.testng.remote.RemoteTestNG.initAndRun(RemoteTestNG.java:204)
	at org.testng.remote.RemoteTestNG.main(RemoteTestNG.java:175)
]]>
            </full-stacktrace>
          </exception> <!-- javax.persistence.PersistenceException -->
          <reporter-output>
          </reporter-output>
        </test-method> <!-- testGetZone -->
      </class> <!-- com.madmusic4001.eqdblient.EQDBClientTest -->
    </test> <!-- Default test -->
  </suite> <!-- Default suite -->
</testng-results>
