<?xml version="1.0" encoding="UTF-8"?>
<testng-results skipped="0" failed="1" total="1" passed="0">
  <reporter-output>
  </reporter-output>
  <suite name="Default suite" duration-ms="5677" started-at="2015-12-02T20:09:51Z" finished-at="2015-12-02T20:09:57Z">
    <groups>
    </groups>
    <test name="Default test" duration-ms="5677" started-at="2015-12-02T20:09:51Z" finished-at="2015-12-02T20:09:57Z">
      <class name="com.madmusic4001.eqdb.beans.ItemServiceBeanTest">
        <test-method status="PASS" signature="initContainer()[pri:0, instance:com.madmusic4001.eqdb.beans.ItemServiceBeanTest@4b6995df]" name="initContainer" is-config="true" duration-ms="2719" started-at="2015-12-02T14:09:51Z" finished-at="2015-12-02T14:09:54Z">
          <reporter-output>
          </reporter-output>
        </test-method> <!-- initContainer -->
        <test-method status="FAIL" signature="shouldFindAllItems()[pri:0, instance:com.madmusic4001.eqdb.beans.ItemServiceBeanTest@4b6995df]" name="shouldFindAllItems" duration-ms="2915" started-at="2015-12-02T14:09:54Z" finished-at="2015-12-02T14:09:57Z">
          <exception class="java.lang.ClassCastException">
            <message>
              <![CDATA[com.sun.proxy.$Proxy76 cannot be cast to com.madmusic4001.eqdb.beans.ItemServiceBean]]>
            </message>
            <full-stacktrace>
              <![CDATA[java.lang.ClassCastException: com.sun.proxy.$Proxy76 cannot be cast to com.madmusic4001.eqdb.beans.ItemServiceBean
	at com.madmusic4001.eqdb.beans.ItemServiceBeanTest.shouldFindAllItems(ItemServiceBeanTest.java:52)
	at sun.reflect.NativeMethodAccessorImpl.invoke0(Native Method)
	at sun.reflect.NativeMethodAccessorImpl.invoke(Unknown Source)
	at sun.reflect.DelegatingMethodAccessorImpl.invoke(Unknown Source)
	at java.lang.reflect.Method.invoke(Unknown Source)
	at org.testng.internal.MethodInvocationHelper.invokeMethod(MethodInvocationHelper.java:85)
	at org.testng.internal.Invoker.invokeMethod(Invoker.java:659)
	at org.testng.internal.Invoker.invokeTestMethod(Invoker.java:845)
	at org.testng.internal.Invoker.invokeTestMethods(Invoker.java:1153)
	at org.testng.internal.TestMethodWorker.invokeTestMethods(TestMethodWorker.java:125)
	at org.testng.internal.TestMethodWorker.run(TestMethodWorker.java:108)
	at org.testng.TestRunner.privateRun(TestRunner.java:771)
	at org.testng.TestRunner.run(TestRunner.java:621)
	at org.testng.SuiteRunner.runTest(SuiteRunner.java:357)
	at org.testng.SuiteRunner.runSequentially(SuiteRunner.java:352)
	at org.testng.SuiteRunner.privateRun(SuiteRunner.java:310)
	at org.testng.SuiteRunner.run(SuiteRunner.java:259)
	at org.testng.SuiteRunnerWorker.runSuite(SuiteRunnerWorker.java:52)
	at org.testng.SuiteRunnerWorker.run(SuiteRunnerWorker.java:86)
	at org.testng.TestNG.runSuitesSequentially(TestNG.java:1199)
	at org.testng.TestNG.runSuitesLocally(TestNG.java:1124)
	at org.testng.TestNG.run(TestNG.java:1032)
	at org.testng.remote.RemoteTestNG.run(RemoteTestNG.java:111)
	at org.testng.remote.RemoteTestNG.initAndRun(RemoteTestNG.java:204)
	at org.testng.remote.RemoteTestNG.main(RemoteTestNG.java:175)
]]>
            </full-stacktrace>
          </exception> <!-- java.lang.ClassCastException -->
          <reporter-output>
          </reporter-output>
        </test-method> <!-- shouldFindAllItems -->
        <test-method status="PASS" signature="closeContainer()[pri:0, instance:com.madmusic4001.eqdb.beans.ItemServiceBeanTest@4b6995df]" name="closeContainer" is-config="true" duration-ms="34" started-at="2015-12-02T14:09:57Z" finished-at="2015-12-02T14:09:57Z">
          <reporter-output>
          </reporter-output>
        </test-method> <!-- closeContainer -->
      </class> <!-- com.madmusic4001.eqdb.beans.ItemServiceBeanTest -->
    </test> <!-- Default test -->
  </suite> <!-- Default suite -->
</testng-results>
