<?xml version="1.0" encoding="UTF-8"?>
<!-- Generated by org.testng.reporters.JUnitXMLReporter -->
<testsuite hostname="blackwater" name="Regression1" tests="1" failures="0" timestamp="1 Dec 2015 08:18:21 GMT" time="0.027" errors="0">
  <testcase name="@BeforeClass initContainer" time="0.0" classname="com.madmusic4001.eqdb.beans.ItemServiceBeanTest">
    <failure type="java.lang.ClassFormatError" message="Absent Code attribute in method that is not native or abstract in class file javax/ejb/embeddable/EJBContainer">
      <![CDATA[java.lang.ClassFormatError: Absent Code attribute in method that is not native or abstract in class file javax/ejb/embeddable/EJBContainer
	at java.lang.ClassLoader.defineClass1(Native Method)
	at java.lang.ClassLoader.defineClass(Unknown Source)
	at java.security.SecureClassLoader.defineClass(Unknown Source)
	at java.net.URLClassLoader.defineClass(Unknown Source)
	at java.net.URLClassLoader.access$100(Unknown Source)
	at java.net.URLClassLoader$1.run(Unknown Source)
	at java.net.URLClassLoader$1.run(Unknown Source)
	at java.security.AccessController.doPrivileged(Native Method)
	at java.net.URLClassLoader.findClass(Unknown Source)
	at java.lang.ClassLoader.loadClass(Unknown Source)
	at sun.misc.Launcher$AppClassLoader.loadClass(Unknown Source)
	at java.lang.ClassLoader.loadClass(Unknown Source)
	at com.madmusic4001.eqdb.beans.ItemServiceBeanTest.initContainer(ItemServiceBeanTest.java:30)
... Removed 24 stack frames]]>
    </failure>
  </testcase> <!-- @BeforeClass initContainer -->
  <testcase name="@AfterClass closeContainer" time="0.0" classname="com.madmusic4001.eqdb.beans.ItemServiceBeanTest">
    <skipped/>
  </testcase> <!-- @AfterClass closeContainer -->
  <testcase name="shouldFindAllItems" time="0.0" classname="com.madmusic4001.eqdb.beans.ItemServiceBeanTest">
    <skipped/>
  </testcase> <!-- shouldFindAllItems -->
</testsuite> <!-- Regression1 -->
